  Assertions.cpp
G:\Advent-of-Code-2023\AdventOfCode2023\Utilities\Assertions.cpp(9,3): error C3861: 'assert': identifier not found
G:\Advent-of-Code-2023\AdventOfCode2023\Utilities\Assertions.cpp(12,9): error C2039: 'terminate': is not a member of 'std'
G:\Advent-of-Code-2023\AdventOfCode2023\Utilities\predefined C++ types (compiler internal)(347,11): message : see declaration of 'std'
G:\Advent-of-Code-2023\AdventOfCode2023\Utilities\Assertions.cpp(12,9): error C3861: 'terminate': identifier not found
